<?xml version="1.0" encoding="UTF-8"?>
<testng-results ignored="0" total="1" passed="1" failed="0" skipped="0">
  <reporter-output>
  </reporter-output>
  <suite started-at="2026-04-13T16:51:12 IST" name="Default suite" finished-at="2026-04-13T16:51:36 IST" duration-ms="23767">
    <groups>
    </groups>
    <test started-at="2026-04-13T16:51:12 IST" name="Default test" finished-at="2026-04-13T16:51:36 IST" duration-ms="23767">
      <class name="Swag_Testcases.LoginpageTestcases">
        <test-method is-config="true" signature="Beforesuit()[pri:0, instance:Swag_Testcases.LoginpageTestcases@4116aac9]" started-at="2026-04-13T16:51:07 IST" name="Beforesuit" finished-at="2026-04-13T16:51:12 IST" duration-ms="5750" status="PASS">
          <reporter-output>
          </reporter-output>
        </test-method> <!-- Beforesuit -->
        <test-method signature="Attest()[pri:0, instance:Swag_Testcases.LoginpageTestcases@4116aac9]" started-at="2026-04-13T16:51:12 IST" name="Attest" finished-at="2026-04-13T16:51:36 IST" duration-ms="23725" status="PASS">
          <reporter-output>
          </reporter-output>
        </test-method> <!-- Attest -->
      </class> <!-- Swag_Testcases.LoginpageTestcases -->
    </test> <!-- Default test -->
  </suite> <!-- Default suite -->
</testng-results>
