<?xml version="1.0" encoding="UTF-8"?>
<testng-results ignored="0" total="1" passed="1" failed="0" skipped="0">
  <reporter-output>
  </reporter-output>
  <suite started-at="2026-04-01T17:41:41 IST" name="Default suite" finished-at="2026-04-01T17:41:44 IST" duration-ms="2228">
    <groups>
    </groups>
    <test started-at="2026-04-01T17:41:41 IST" name="Default test" finished-at="2026-04-01T17:41:44 IST" duration-ms="2228">
      <class name="Swag_Testcases.LoginpageTestcases">
        <test-method is-config="true" signature="Beforesuit()[pri:0, instance:Swag_Testcases.LoginpageTestcases@1a677343]" started-at="2026-04-01T17:41:38 IST" name="Beforesuit" finished-at="2026-04-01T17:41:41 IST" duration-ms="3649" status="PASS">
          <reporter-output>
          </reporter-output>
        </test-method> <!-- Beforesuit -->
        <test-method signature="Attest()[pri:0, instance:Swag_Testcases.LoginpageTestcases@1a677343]" started-at="2026-04-01T17:41:41 IST" name="Attest" finished-at="2026-04-01T17:41:44 IST" duration-ms="2187" status="PASS">
          <reporter-output>
          </reporter-output>
        </test-method> <!-- Attest -->
      </class> <!-- Swag_Testcases.LoginpageTestcases -->
    </test> <!-- Default test -->
  </suite> <!-- Default suite -->
</testng-results>
